app/build/outputs/logs/manifest-merger-debug-report.txt
-- Merging decision tree log ---
manifest
ADDED from src/main/AndroidManifest.xml:2:1-226:12
INJECTED from src/main/AndroidManifest.xml:2:1-226:12
INJECTED from src/main/AndroidManifest.xml:2:1-226:12
INJECTED from src/main/AndroidManifest.xml:2:1-226:12
MERGED from [androidx.databinding:databinding-adapters:3.4.1] AndroidManifest.xml:17:1-24:12
MERGED from [androidx.databinding:databinding-runtime:3.4.1] AndroidManifest.xml:17:1-24:12
MERGED from [androidx.constraintlayout:constraintlayout:2.0.0-beta4] AndroidManifest.xml:2:1-11:12
MERGED from [com.roughike:bottom-bar:2.3.1] AndroidManifest.xml:2:1-12:12
MERGED from [com.github.daniel-stoneuk:material-about-library:2.4.2] AndroidManifest.xml:2:1-11:12
MERGED from [com.google.android.material:material:1.2.0-alpha03] AndroidManifest.xml:17:1-24:12
MERGED from [com.ramotion.garlandview:garland-view:0.3.2] AndroidManifest.xml:2:1-17:12
MERGED from [com.github.devlight.navigationtabstrip:navigationtabstrip:1.0.4] AndroidManifest.xml:14:1-29:12
MERGED from [com.github.mirrajabi:search-dialog:1.2.3] AndroidManifest.xml:2:1-17:12
MERGED from [com.github.arcadefire:nice-spinner:1.3.6] AndroidManifest.xml:2:1-9:12
MERGED from [com.diegodobelo.expandingview:expanding-view:0.9.4] AndroidManifest.xml:2:1-16:12
MERGED from [com.quinny898.library.persistentsearch:library:1.1.0-SNAPSHOT] AndroidManifest.xml:2:1-14:12
MERGED from [androidx.preference:preference:1.1.0] AndroidManifest.xml:17:1-24:12
MERGED from [com.microsoft.aad:adal:1.14.1] AndroidManifest.xml:2:1-16:12
MERGED from [br.com.simplepass:loading-button-android:1.14.0] AndroidManifest.xml:2:1-11:12
MERGED from [com.ramotion.paperonboarding:paper-onboarding:1.1.1] AndroidManifest.xml:2:1-17:12
MERGED from [androidx.appcompat:appcompat:1.2.0-alpha01] AndroidManifest.xml:17:1-24:12
MERGED from [androidx.viewpager2:viewpager2:1.0.0] AndroidManifest.xml:17:1-24:12
MERGED from [androidx.recyclerview:recyclerview:1.1.0] AndroidManifest.xml:17:1-24:12
MERGED from [com.onesignal:OneSignal:3.12.5] AndroidManifest.xml:2:1-106:12
MERGED from [androidx.cardview:cardview:1.0.0] AndroidManifest.xml:17:1-22:12
MERGED from [io.reactivex.rxjava2:rxandroid:2.1.0] AndroidManifest.xml:15:1-20:12
MERGED from [com.github.bumptech.glide:glide:4.8.0] AndroidManifest.xml:2:1-12:12
MERGED from [de.hdodenhof:circleimageview:3.0.0] AndroidManifest.xml:2:1-11:12
MERGED from [com.squareup.picasso:picasso:2.71828] AndroidManifest.xml:2:1-14:12
MERGED from [com.github.parse-community.Parse-SDK-Android:fcm:1.22.1] AndroidManifest.xml:2:1-11:12
MERGED from [com.github.parse-community.Parse-SDK-Android:parse:1.22.1] AndroidManifest.xml:10:1-24:12
MERGED from [com.joanzapata.pdfview:android-pdfview:1.0.4] AndroidManifest.xml:20:119-25:12
MERGED from [com.google.firebase:firebase-config:19.1.0] AndroidManifest.xml:17:1-38:12
MERGED from [com.davemorrissey.labs:subsampling-scale-image-view:3.10.0] AndroidManifest.xml:2:1-11:12
MERGED from [com.google.maps.android:android-maps-utils:0.5] AndroidManifest.xml:2:1-13:12
MERGED from [com.google.firebase:firebase-core:17.2.1] AndroidManifest.xml:2:1-9:12
MERGED from [com.google.android.gms:play-services-maps:17.0.0] AndroidManifest.xml:17:1-38:12
MERGED from [com.google.android.gms:play-services-location:17.0.0] AndroidManifest.xml:2:1-9:12
MERGED from [androidx.legacy:legacy-support-v4:1.0.0] AndroidManifest.xml:17:1-22:12
MERGED from [com.google.firebase:firebase-crash:16.2.1] AndroidManifest.xml:17:1-32:12
MERGED from [com.android.volley:volley:1.1.1] AndroidManifest.xml:2:1-11:12
MERGED from [com.google.firebase:firebase-firestore:21.3.1] AndroidManifest.xml:2:1-26:12
MERGED from [com.google.android.gms:play-services-vision:19.0.0] AndroidManifest.xml:2:1-9:12
MERGED from [androidx.appcompat:appcompat-resources:1.2.0-alpha01] AndroidManifest.xml:17:1-24:12
MERGED from [androidx.vectordrawable:vectordrawable-animated:1.1.0] AndroidManifest.xml:17:1-24:12
MERGED from [androidx.vectordrawable:vectordrawable:1.1.0] AndroidManifest.xml:17:1-24:12
MERGED from [com.google.firebase:firebase-auth:19.2.0] AndroidManifest.xml:17:1-42:12
MERGED from [com.google.firebase:firebase-database:19.2.0] AndroidManifest.xml:15:1-38:12
MERGED from [com.google.firebase:firebase-storage:19.1.0] AndroidManifest.xml:15:1-39:12
MERGED from [androidx.palette:palette:1.0.0] AndroidManifest.xml:17:1-22:12
MERGED from [com.amulyakhare:com.amulyakhare.textdrawable:1.0.1] AndroidManifest.xml:2:1-14:12
MERGED from [com.crashlytics.sdk.android:crashlytics:2.9.9] AndroidManifest.xml:2:1-19:12
MERGED from [com.facebook.shimmer:shimmer:0.4.0] AndroidManifest.xml:2:1-7:12
MERGED from [com.google.firebase:firebase-messaging:20.0.0] AndroidManifest.xml:17:1-37:12
MERGED from [com.google.firebase:firebase-abt:19.0.0] AndroidManifest.xml:2:1-19:12
MERGED from [com.google.firebase:firebase-analytics:17.2.1] AndroidManifest.xml:2:1-9:12
MERGED from [com.google.android.gms:play-services-measurement-api:17.2.1] AndroidManifest.xml:17:1-36:12
MERGED from [com.google.firebase:firebase-iid:20.0.1] AndroidManifest.xml:17:1-47:12
MERGED from [com.google.firebase:firebase-auth-interop:19.0.0] AndroidManifest.xml:2:1-10:12
MERGED from [com.google.firebase:firebase-common:19.3.0] AndroidManifest.xml:15:1-39:12
MERGED from [com.google.firebase:firebase-measurement-connector:18.0.0] AndroidManifest.xml:17:1-25:12
MERGED from [com.google.android.gms:play-services-places-placereport:17.0.0] AndroidManifest.xml:17:1-24:12
MERGED from [com.google.android.gms:play-services-vision-common:19.0.0] AndroidManifest.xml:2:1-9:12
MERGED from [com.google.firebase:firebase-iid-interop:17.0.0] AndroidManifest.xml:2:1-10:12
MERGED from [com.google.android.gms:play-services-flags:17.0.0] AndroidManifest.xml:17:1-22:12
MERGED from [com.google.android.gms:play-services-clearcut:17.0.0] AndroidManifest.xml:17:1-24:12
MERGED from [com.google.android.gms:play-services-phenotype:17.0.0] AndroidManifest.xml:17:1-24:12
MERGED from [com.google.android.gms:play-services-base:17.1.0] AndroidManifest.xml:17:1-29:12
MERGED from [com.google.android.gms:play-services-tasks:17.0.0] AndroidManifest.xml:2:1-9:12
MERGED from [com.google.android.gms:play-services-measurement:17.2.1] AndroidManifest.xml:17:1-55:12
MERGED from [com.google.android.gms:play-services-measurement-sdk:17.2.1] AndroidManifest.xml:17:1-25:12
MERGED from [com.google.android.gms:play-services-measurement-impl:17.2.1] AndroidManifest.xml:17:1-40:12
MERGED from [com.google.android.gms:play-services-stats:17.0.0] AndroidManifest.xml:2:1-9:12
MERGED from [com.google.android.gms:play-services-measurement-sdk-api:17.2.1] AndroidManifest.xml:17:1-27:12
MERGED from [com.google.android.gms:play-services-measurement-base:17.2.1] AndroidManifest.xml:2:1-9:12
MERGED from [com.google.android.gms:play-services-ads-identifier:17.0.0] AndroidManifest.xml:17:1-24:12
MERGED from [com.google.android.gms:play-services-basement:17.0.0] AndroidManifest.xml:17:1-28:12
MERGED from [androidx.fragment:fragment:1.1.0] AndroidManifest.xml:17:1-24:12
MERGED from [androidx.browser:browser:1.0.0] AndroidManifest.xml:17:1-22:12
MERGED from [androidx.legacy:legacy-support-core-ui:1.0.0] AndroidManifest.xml:17:1-22:12
MERGED from [androidx.drawerlayout:drawerlayout:1.0.0] AndroidManifest.xml:17:1-22:12
MERGED from [androidx.coordinatorlayout:coordinatorlayout:1.1.0] AndroidManifest.xml:17:1-24:12
MERGED from [androidx.transition:transition:1.2.0] AndroidManifest.xml:17:1-24:12
MERGED from [androidx.viewpager:viewpager:1.0.0] AndroidManifest.xml:17:1-22:12
MERGED from [androidx.slidingpanelayout:slidingpanelayout:1.0.0] AndroidManifest.xml:17:1-22:12
MERGED from [androidx.customview:customview:1.0.0] AndroidManifest.xml:17:1-22:12
MERGED from [androidx.media:media:1.0.0] AndroidManifest.xml:17:1-22:12
MERGED from [androidx.legacy:legacy-support-core-utils:1.0.0] AndroidManifest.xml:17:1-22:12
MERGED from [androidx.loader:loader:1.0.0] AndroidManifest.xml:17:1-22:12
MERGED from [androidx.activity:activity:1.0.0] AndroidManifest.xml:17:1-24:12
MERGED from [androidx.swiperefreshlayout:swiperefreshlayout:1.0.0] AndroidManifest.xml:17:1-22:12
MERGED from [androidx.asynclayoutinflater:asynclayoutinflater:1.0.0] AndroidManifest.xml:17:1-22:12
MERGED from [androidx.core:core:1.1.0] AndroidManifest.xml:17:1-26:12
MERGED from [androidx.lifecycle:lifecycle-runtime:2.1.0] AndroidManifest.xml:17:1-22:12
MERGED from [androidx.versionedparcelable:versionedparcelable:1.1.0] AndroidManifest.xml:17:1-27:12
MERGED from [androidx.cursoradapter:cursoradapter:1.0.0] AndroidManifest.xml:17:1-22:12
MERGED from [com.github.bumptech.glide:gifdecoder:4.8.0] AndroidManifest.xml:2:1-11:12
MERGED from [androidx.exifinterface:exifinterface:1.0.0] AndroidManifest.xml:17:1-22:12
MERGED from [androidx.localbroadcastmanager:localbroadcastmanager:1.0.0] AndroidManifest.xml:17:1-22:12
MERGED from [com.google.firebase:firebase-components:16.0.0] AndroidManifest.xml:15:1-23:12
MERGED from [androidx.interpolator:interpolator:1.0.0] AndroidManifest.xml:17:1-22:12
MERGED from [androidx.documentfile:documentfile:1.0.0] AndroidManifest.xml:17:1-22:12
MERGED from [androidx.print:print:1.0.0] AndroidManifest.xml:17:1-22:12
MERGED from [androidx.lifecycle:lifecycle-viewmodel:2.1.0] AndroidManifest.xml:17:1-22:12
MERGED from [androidx.savedstate:savedstate:1.0.0] AndroidManifest.xml:17:1-24:12
MERGED from [androidx.lifecycle:lifecycle-livedata:2.0.0] AndroidManifest.xml:17:1-22:12
MERGED from [androidx.lifecycle:lifecycle-livedata-core:2.0.0] AndroidManifest.xml:17:1-22:12
MERGED from [androidx.arch.core:core-runtime:2.0.0] AndroidManifest.xml:17:1-22:12
MERGED from [androidx.annotation:annotation-experimental:1.0.0] AndroidManifest.xml:17:1-24:12
MERGED from [com.google.firebase:protolite-well-known-types:17.0.0] AndroidManifest.xml:2:1-11:12
MERGED from [io.grpc:grpc-android:1.21.0] AndroidManifest.xml:2:1-13:12
MERGED from [com.google.firebase:firebase-database-collection:17.0.0] AndroidManifest.xml:2:1-7:12
MERGED from [com.crashlytics.sdk.android:crashlytics-core:2.6.8] AndroidManifest.xml:45:1-56:12
MERGED from [com.crashlytics.sdk.android:answers:1.4.7] AndroidManifest.xml:2:1-13:12
MERGED from [io.fabric.sdk.android:fabric:1.4.8] AndroidManifest.xml:22:1-33:12
MERGED from [com.crashlytics.sdk.android:beta:1.2.10] AndroidManifest.xml:2:1-13:12
INJECTED from src/main/AndroidManifest.xml:2:1-226:12
INJECTED from src/main/AndroidManifest.xml:2:1-226:12
INJECTED from src/main/AndroidManifest.xml:2:1-226:12
	package
		ADDED from src/main/AndroidManifest.xml:4:5-30
		INJECTED from src/main/AndroidManifest.xml
		INJECTED from src/main/AndroidManifest.xml
	android:versionName
		INJECTED from src/main/AndroidManifest.xml
		ADDED from src/main/AndroidManifest.xml:2:1-226:12
		INJECTED from src/main/AndroidManifest.xml
	xmlns:tools
		ADDED from src/main/AndroidManifest.xml:3:5-51
	android:versionCode
		INJECTED from src/main/AndroidManifest.xml
		ADDED from src/main/AndroidManifest.xml:2:1-226:12
		INJECTED from src/main/AndroidManifest.xml
	xmlns:android
		ADDED from src/main/AndroidManifest.xml:2:11-69
uses-permission#android.permission.INTERNET
ADDED from src/main/AndroidManifest.xml:6:5-67
MERGED from [com.onesignal:OneSignal:3.12.5] AndroidManifest.xml:16:5-67
MERGED from [com.onesignal:OneSignal:3.12.5] AndroidManifest.xml:16:5-67
MERGED from [com.github.parse-community.Parse-SDK-Android:parse:1.22.1] AndroidManifest.xml:19:5-67
MERGED from [com.github.parse-community.Parse-SDK-Android:parse:1.22.1] AndroidManifest.xml:19:5-67
MERGED from [com.google.firebase:firebase-config:19.1.0] AndroidManifest.xml:26:5-67
MERGED from [com.google.firebase:firebase-config:19.1.0] AndroidManifest.xml:26:5-67
MERGED from [com.google.android.gms:play-services-maps:17.0.0] AndroidManifest.xml:24:5-67
MERGED from [com.google.android.gms:play-services-maps:17.0.0] AndroidManifest.xml:24:5-67
MERGED from [com.google.firebase:firebase-crash:16.2.1] AndroidManifest.xml:22:5-67
MERGED from [com.google.firebase:firebase-crash:16.2.1] AndroidManifest.xml:22:5-67
MERGED from [com.google.firebase:firebase-firestore:21.3.1] AndroidManifest.xml:14:5-67
MERGED from [com.google.firebase:firebase-firestore:21.3.1] AndroidManifest.xml:14:5-67
MERGED from [com.google.firebase:firebase-database:19.2.0] AndroidManifest.xml:26:5-67
MERGED from [com.google.firebase:firebase-database:19.2.0] AndroidManifest.xml:26:5-67
MERGED from [com.google.firebase:firebase-storage:19.1.0] AndroidManifest.xml:27:5-67
MERGED from [com.google.firebase:firebase-storage:19.1.0] AndroidManifest.xml:27:5-67
MERGED from [com.crashlytics.sdk.android:crashlytics:2.9.9] AndroidManifest.xml:9:5-67
MERGED from [com.crashlytics.sdk.android:crashlytics:2.9.9] AndroidManifest.xml:9:5-67
MERGED from [com.google.android.gms:play-services-measurement-api:17.2.1] AndroidManifest.xml:22:5-67
MERGED from [com.google.android.gms:play-services-measurement-api:17.2.1] AndroidManifest.xml:22:5-67
MERGED from [com.google.firebase:firebase-iid:20.0.1] AndroidManifest.xml:23:5-67
MERGED from [com.google.firebase:firebase-iid:20.0.1] AndroidManifest.xml:23:5-67
MERGED from [com.google.android.gms:play-services-measurement:17.2.1] AndroidManifest.xml:23:5-67
MERGED from [com.google.android.gms:play-services-measurement:17.2.1] AndroidManifest.xml:23:5-67
MERGED from [com.google.android.gms:play-services-measurement-impl:17.2.1] AndroidManifest.xml:23:5-67
MERGED from [com.google.android.gms:play-services-measurement-impl:17.2.1] AndroidManifest.xml:23:5-67
MERGED from [com.google.android.gms:play-services-measurement-sdk-api:17.2.1] AndroidManifest.xml:23:5-67
MERGED from [com.google.android.gms:play-services-measurement-sdk-api:17.2.1] AndroidManifest.xml:23:5-67
MERGED from [com.crashlytics.sdk.android:crashlytics-core:2.6.8] AndroidManifest.xml:52:5-67
MERGED from [com.crashlytics.sdk.android:crashlytics-core:2.6.8] AndroidManifest.xml:52:5-67
MERGED from [com.crashlytics.sdk.android:answers:1.4.7] AndroidManifest.xml:9:5-67
MERGED from [com.crashlytics.sdk.android:answers:1.4.7] AndroidManifest.xml:9:5-67
MERGED from [io.fabric.sdk.android:fabric:1.4.8] AndroidManifest.xml:29:5-67
MERGED from [io.fabric.sdk.android:fabric:1.4.8] AndroidManifest.xml:29:5-67
MERGED from [com.crashlytics.sdk.android:beta:1.2.10] AndroidManifest.xml:9:5-67
MERGED from [com.crashlytics.sdk.android:beta:1.2.10] AndroidManifest.xml:9:5-67
	android:name
		ADDED from src/main/AndroidManifest.xml:6:22-64
uses-permission#android.permission.ACCESS_NETWORK_STATE
ADDED from src/main/AndroidManifest.xml:7:5-79
MERGED from [com.onesignal:OneSignal:3.12.5] AndroidManifest.xml:24:5-79
MERGED from [com.onesignal:OneSignal:3.12.5] AndroidManifest.xml:24:5-79
MERGED from [com.github.parse-community.Parse-SDK-Android:parse:1.22.1] AndroidManifest.xml:20:5-79
MERGED from [com.github.parse-community.Parse-SDK-Android:parse:1.22.1] AndroidManifest.xml:20:5-79
MERGED from [com.google.firebase:firebase-config:19.1.0] AndroidManifest.xml:25:5-79
MERGED from [com.google.firebase:firebase-config:19.1.0] AndroidManifest.xml:25:5-79
MERGED from [com.google.android.gms:play-services-maps:17.0.0] AndroidManifest.xml:23:5-79
MERGED from [com.google.android.gms:play-services-maps:17.0.0] AndroidManifest.xml:23:5-79
MERGED from [com.google.firebase:firebase-firestore:21.3.1] AndroidManifest.xml:13:5-79
MERGED from [com.google.firebase:firebase-firestore:21.3.1] AndroidManifest.xml:13:5-79
MERGED from [com.google.firebase:firebase-database:19.2.0] AndroidManifest.xml:25:5-79
MERGED from [com.google.firebase:firebase-database:19.2.0] AndroidManifest.xml:25:5-79
MERGED from [com.google.firebase:firebase-storage:19.1.0] AndroidManifest.xml:26:5-79
MERGED from [com.google.firebase:firebase-storage:19.1.0] AndroidManifest.xml:26:5-79
MERGED from [com.google.android.gms:play-services-measurement-api:17.2.1] AndroidManifest.xml:23:5-79
MERGED from [com.google.android.gms:play-services-measurement-api:17.2.1] AndroidManifest.xml:23:5-79
MERGED from [com.google.firebase:firebase-iid:20.0.1] AndroidManifest.xml:22:5-79
MERGED from [com.google.firebase:firebase-iid:20.0.1] AndroidManifest.xml:22:5-79
MERGED from [com.google.android.gms:play-services-measurement:17.2.1] AndroidManifest.xml:24:5-79
MERGED from [com.google.android.gms:play-services-measurement:17.2.1] AndroidManifest.xml:24:5-79
MERGED from [com.google.android.gms:play-services-measurement-impl:17.2.1] AndroidManifest.xml:24:5-79
MERGED from [com.google.android.gms:play-services-measurement-impl:17.2.1] AndroidManifest.xml:24:5-79
MERGED from [com.google.android.gms:play-services-measurement-sdk-api:17.2.1] AndroidManifest.xml:24:5-79
MERGED from [com.google.android.gms:play-services-measurement-sdk-api:17.2.1] AndroidManifest.xml:24:5-79
MERGED from [io.grpc:grpc-android:1.21.0] AndroidManifest.xml:11:5-79
MERGED from [io.grpc:grpc-android:1.21.0] AndroidManifest.xml:11:5-79
	android:name
		ADDED from src/main/AndroidManifest.xml:7:22-76
uses-permission#android.permission.CALL_PHONE
ADDED from src/main/AndroidManifest.xml:8:5-69
	android:name
		ADDED from src/main/AndroidManifest.xml:8:22-66
uses-permission#android.permission.WRITE_EXTERNAL_STORAGE
ADDED from src/main/AndroidManifest.xml:9:5-81
	android:name
		ADDED from src/main/AndroidManifest.xml:9:22-78
uses-permission#android.permission.READ_EXTERNAL_STORAGE
ADDED from src/main/AndroidManifest.xml:10:5-80
	android:name
		ADDED from src/main/AndroidManifest.xml:10:22-77
uses-permission#android.permission.ACCESS_FINE_LOCATION
ADDED from src/main/AndroidManifest.xml:16:5-79
	android:name
		ADDED from src/main/AndroidManifest.xml:16:22-76
application
ADDED from src/main/AndroidManifest.xml:18:5-224:19
MERGED from [androidx.constraintlayout:constraintlayout:2.0.0-beta4] AndroidManifest.xml:9:5-20
MERGED from [androidx.constraintlayout:constraintlayout:2.0.0-beta4] AndroidManifest.xml:9:5-20
MERGED from [com.google.android.material:material:1.2.0-alpha03] AndroidManifest.xml:22:5-20
MERGED from [com.google.android.material:material:1.2.0-alpha03] AndroidManifest.xml:22:5-20
MERGED from [com.ramotion.garlandview:garland-view:0.3.2] AndroidManifest.xml:11:5-15:19
MERGED from [com.ramotion.garlandview:garland-view:0.3.2] AndroidManifest.xml:11:5-15:19
MERGED from [com.github.devlight.navigationtabstrip:navigationtabstrip:1.0.4] AndroidManifest.xml:23:5-27:19
MERGED from [com.github.devlight.navigationtabstrip:navigationtabstrip:1.0.4] AndroidManifest.xml:23:5-27:19
MERGED from [com.github.mirrajabi:search-dialog:1.2.3] AndroidManifest.xml:11:5-15:19
MERGED from [com.github.mirrajabi:search-dialog:1.2.3] AndroidManifest.xml:11:5-15:19
MERGED from [com.diegodobelo.expandingview:expanding-view:0.9.4] AndroidManifest.xml:11:5-14:19
MERGED from [com.diegodobelo.expandingview:expanding-view:0.9.4] AndroidManifest.xml:11:5-14:19
MERGED from [com.quinny898.library.persistentsearch:library:1.1.0-SNAPSHOT] AndroidManifest.xml:11:5-12:19
MERGED from [com.quinny898.library.persistentsearch:library:1.1.0-SNAPSHOT] AndroidManifest.xml:11:5-12:19
MERGED from [com.microsoft.aad:adal:1.14.1] AndroidManifest.xml:11:5-14:19
MERGED from [com.microsoft.aad:adal:1.14.1] AndroidManifest.xml:11:5-14:19
MERGED from [com.ramotion.paperonboarding:paper-onboarding:1.1.1] AndroidManifest.xml:11:5-15:19
MERGED from [com.ramotion.paperonboarding:paper-onboarding:1.1.1] AndroidManifest.xml:11:5-15:19
MERGED from [com.onesignal:OneSignal:3.12.5] AndroidManifest.xml:48:5-104:19
MERGED from [com.onesignal:OneSignal:3.12.5] AndroidManifest.xml:48:5-104:19
MERGED from [com.github.bumptech.glide:glide:4.8.0] AndroidManifest.xml:10:5-20
MERGED from [com.github.bumptech.glide:glide:4.8.0] AndroidManifest.xml:10:5-20
MERGED from [de.hdodenhof:circleimageview:3.0.0] AndroidManifest.xml:9:5-20
MERGED from [de.hdodenhof:circleimageview:3.0.0] AndroidManifest.xml:9:5-20
MERGED from [com.squareup.picasso:picasso:2.71828] AndroidManifest.xml:7:5-12:19
MERGED from [com.squareup.picasso:picasso:2.71828] AndroidManifest.xml:7:5-12:19
MERGED from [com.github.parse-community.Parse-SDK-Android:parse:1.22.1] AndroidManifest.xml:22:5-20
MERGED from [com.github.parse-community.Parse-SDK-Android:parse:1.22.1] AndroidManifest.xml:22:5-20
MERGED from [com.google.firebase:firebase-config:19.1.0] AndroidManifest.xml:28:5-36:19
MERGED from [com.google.firebase:firebase-config:19.1.0] AndroidManifest.xml:28:5-36:19
MERGED from [com.google.maps.android:android-maps-utils:0.5] AndroidManifest.xml:7:5-11:19
MERGED from [com.google.maps.android:android-maps-utils:0.5] AndroidManifest.xml:7:5-11:19
MERGED from [com.google.firebase:firebase-core:17.2.1] AndroidManifest.xml:7:5-20
MERGED from [com.google.firebase:firebase-core:17.2.1] AndroidManifest.xml:7:5-20
MERGED from [com.google.android.gms:play-services-maps:17.0.0] AndroidManifest.xml:30:5-36:19
MERGED from [com.google.android.gms:play-services-maps:17.0.0] AndroidManifest.xml:30:5-36:19
MERGED from [com.google.android.gms:play-services-location:17.0.0] AndroidManifest.xml:7:5-20
MERGED from [com.google.android.gms:play-services-location:17.0.0] AndroidManifest.xml:7:5-20
MERGED from [com.google.firebase:firebase-crash:16.2.1] AndroidManifest.xml:24:5-30:19
MERGED from [com.google.firebase:firebase-crash:16.2.1] AndroidManifest.xml:24:5-30:19
MERGED from [com.android.volley:volley:1.1.1] AndroidManifest.xml:9:5-20
MERGED from [com.android.volley:volley:1.1.1] AndroidManifest.xml:9:5-20
MERGED from [com.google.firebase:firebase-firestore:21.3.1] AndroidManifest.xml:16:5-24:19
MERGED from [com.google.firebase:firebase-firestore:21.3.1] AndroidManifest.xml:16:5-24:19
MERGED from [com.google.android.gms:play-services-vision:19.0.0] AndroidManifest.xml:7:5-20
MERGED from [com.google.android.gms:play-services-vision:19.0.0] AndroidManifest.xml:7:5-20
MERGED from [com.google.firebase:firebase-auth:19.2.0] AndroidManifest.xml:23:5-40:19
MERGED from [com.google.firebase:firebase-auth:19.2.0] AndroidManifest.xml:23:5-40:19
MERGED from [com.google.firebase:firebase-database:19.2.0] AndroidManifest.xml:28:5-36:19
MERGED from [com.google.firebase:firebase-database:19.2.0] AndroidManifest.xml:28:5-36:19
MERGED from [com.google.firebase:firebase-storage:19.1.0] AndroidManifest.xml:29:5-37:19
MERGED from [com.google.firebase:firebase-storage:19.1.0] AndroidManifest.xml:29:5-37:19
MERGED from [com.amulyakhare:com.amulyakhare.textdrawable:1.0.1] AndroidManifest.xml:12:5-20
MERGED from [com.amulyakhare:com.amulyakhare.textdrawable:1.0.1] AndroidManifest.xml:12:5-20
MERGED from [com.crashlytics.sdk.android:crashlytics:2.9.9] AndroidManifest.xml:11:5-17:19
MERGED from [com.crashlytics.sdk.android:crashlytics:2.9.9] AndroidManifest.xml:11:5-17:19
MERGED from [com.google.firebase:firebase-messaging:20.0.0] AndroidManifest.xml:22:5-35:19
MERGED from [com.google.firebase:firebase-messaging:20.0.0] AndroidManifest.xml:22:5-35:19
MERGED from [com.google.firebase:firebase-abt:19.0.0] AndroidManifest.xml:11:5-17:19
MERGED from [com.google.firebase:firebase-abt:19.0.0] AndroidManifest.xml:11:5-17:19
MERGED from [com.google.firebase:firebase-analytics:17.2.1] AndroidManifest.xml:7:5-20
MERGED from [com.google.firebase:firebase-analytics:17.2.1] AndroidManifest.xml:7:5-20
MERGED from [com.google.android.gms:play-services-measurement-api:17.2.1] AndroidManifest.xml:26:5-34:19
MERGED from [com.google.android.gms:play-services-measurement-api:17.2.1] AndroidManifest.xml:26:5-34:19
MERGED from [com.google.firebase:firebase-iid:20.0.1] AndroidManifest.xml:28:5-45:19
MERGED from [com.google.firebase:firebase-iid:20.0.1] AndroidManifest.xml:28:5-45:19
MERGED from [com.google.firebase:firebase-auth-interop:19.0.0] AndroidManifest.xml:7:5-8:19
MERGED from [com.google.firebase:firebase-auth-interop:19.0.0] AndroidManifest.xml:7:5-8:19
MERGED from [com.google.firebase:firebase-common:19.3.0] AndroidManifest.xml:25:5-37:19
MERGED from [com.google.firebase:firebase-common:19.3.0] AndroidManifest.xml:25:5-37:19
MERGED from [com.google.firebase:firebase-measurement-connector:18.0.0] AndroidManifest.xml:22:5-23:19
MERGED from [com.google.firebase:firebase-measurement-connector:18.0.0] AndroidManifest.xml:22:5-23:19
MERGED from [com.google.android.gms:play-services-places-placereport:17.0.0] AndroidManifest.xml:22:5-20
MERGED from [com.google.android.gms:play-services-places-placereport:17.0.0] AndroidManifest.xml:22:5-20
MERGED from [com.google.android.gms:play-services-vision-common:19.0.0] AndroidManifest.xml:7:5-20
MERGED from [com.google.android.gms:play-services-vision-common:19.0.0] AndroidManifest.xml:7:5-20
MERGED from [com.google.firebase:firebase-iid-interop:17.0.0] AndroidManifest.xml:7:5-8:19
MERGED from [com.google.firebase:firebase-iid-interop:17.0.0] AndroidManifest.xml:7:5-8:19
MERGED from [com.google.android.gms:play-services-clearcut:17.0.0] AndroidManifest.xml:22:5-20
MERGED from [com.google.android.gms:play-services-clearcut:17.0.0] AndroidManifest.xml:22:5-20
MERGED from [com.google.android.gms:play-services-phenotype:17.0.0] AndroidManifest.xml:22:5-20
MERGED from [com.google.android.gms:play-services-phenotype:17.0.0] AndroidManifest.xml:22:5-20
MERGED from [com.google.android.gms:play-services-base:17.1.0] AndroidManifest.xml:22:5-27:19
MERGED from [com.google.android.gms:play-services-base:17.1.0] AndroidManifest.xml:22:5-27:19
MERGED from [com.google.android.gms:play-services-tasks:17.0.0] AndroidManifest.xml:7:5-20
MERGED from [com.google.android.gms:play-services-tasks:17.0.0] AndroidManifest.xml:7:5-20
MERGED from [com.google.android.gms:play-services-measurement:17.2.1] AndroidManifest.xml:28:5-53:19
MERGED from [com.google.android.gms:play-services-measurement:17.2.1] AndroidManifest.xml:28:5-53:19
MERGED from [com.google.android.gms:play-services-measurement-sdk:17.2.1] AndroidManifest.xml:22:5-23:19
MERGED from [com.google.android.gms:play-services-measurement-sdk:17.2.1] AndroidManifest.xml:22:5-23:19
MERGED from [com.google.android.gms:play-services-measurement-impl:17.2.1] AndroidManifest.xml:28:5-38:19
MERGED from [com.google.android.gms:play-services-measurement-impl:17.2.1] AndroidManifest.xml:28:5-38:19
MERGED from [com.google.android.gms:play-services-stats:17.0.0] AndroidManifest.xml:7:5-20
MERGED from [com.google.android.gms:play-services-stats:17.0.0] AndroidManifest.xml:7:5-20
MERGED from [com.google.android.gms:play-services-measurement-base:17.2.1] AndroidManifest.xml:7:5-20
MERGED from [com.google.android.gms:play-services-measurement-base:17.2.1] AndroidManifest.xml:7:5-20
MERGED from [com.google.android.gms:play-services-ads-identifier:17.0.0] AndroidManifest.xml:22:5-20
MERGED from [com.google.android.gms:play-services-ads-identifier:17.0.0] AndroidManifest.xml:22:5-20
MERGED from [com.google.android.gms:play-services-basement:17.0.0] AndroidManifest.xml:22:5-26:19
MERGED from [com.google.android.gms:play-services-basement:17.0.0] AndroidManifest.xml:22:5-26:19
MERGED from [androidx.core:core:1.1.0] AndroidManifest.xml:24:5-89
MERGED from [androidx.core:core:1.1.0] AndroidManifest.xml:24:5-89
MERGED from [androidx.versionedparcelable:versionedparcelable:1.1.0] AndroidManifest.xml:24:5-25:19
MERGED from [androidx.versionedparcelable:versionedparcelable:1.1.0] AndroidManifest.xml:24:5-25:19
MERGED from [com.github.bumptech.glide:gifdecoder:4.8.0] AndroidManifest.xml:9:5-20
MERGED from [com.github.bumptech.glide:gifdecoder:4.8.0] AndroidManifest.xml:9:5-20
MERGED from [com.crashlytics.sdk.android:crashlytics-core:2.6.8] AndroidManifest.xml:54:5-20
MERGED from [com.crashlytics.sdk.android:crashlytics-core:2.6.8] AndroidManifest.xml:54:5-20
MERGED from [com.crashlytics.sdk.android:answers:1.4.7] AndroidManifest.xml:11:5-20
MERGED from [com.crashlytics.sdk.android:answers:1.4.7] AndroidManifest.xml:11:5-20
MERGED from [io.fabric.sdk.android:fabric:1.4.8] AndroidManifest.xml:31:5-20
MERGED from [io.fabric.sdk.android:fabric:1.4.8] AndroidManifest.xml:31:5-20
MERGED from [com.crashlytics.sdk.android:beta:1.2.10] AndroidManifest.xml:11:5-20
MERGED from [com.crashlytics.sdk.android:beta:1.2.10] AndroidManifest.xml:11:5-20
	android:supportsRtl
		ADDED from src/main/AndroidManifest.xml:26:9-35
	android:label
		ADDED from src/main/AndroidManifest.xml:23:9-41
	android:appComponentFactory
		ADDED from src/main/AndroidManifest.xml:21:9-53
		REJECTED from [androidx.core:core:1.1.0] AndroidManifest.xml:24:18-86
	android:roundIcon
		ADDED from src/main/AndroidManifest.xml:25:9-50
	android:largeHeap
		ADDED from src/main/AndroidManifest.xml:24:9-33
	android:icon
		ADDED from src/main/AndroidManifest.xml:22:9-39
	android:allowBackup
		ADDED from src/main/AndroidManifest.xml:20:9-35
	android:theme
		ADDED from src/main/AndroidManifest.xml:27:9-40
	tools:replace
		ADDED from src/main/AndroidManifest.xml:28:9-52
	android:name
		ADDED from src/main/AndroidManifest.xml:19:9-55
activity#com.swc.onestop.Main3Activity
ADDED from src/main/AndroidManifest.xml:29:9-60
	android:name
		ADDED from src/main/AndroidManifest.xml:29:19-48
activity#com.swc.onestop.Activities.Subscription
ADDED from src/main/AndroidManifest.xml:30:9-61
	android:name
		ADDED from src/main/AndroidManifest.xml:30:19-58
uses-library#org.apache.http.legacy
ADDED from src/main/AndroidManifest.xml:32:9-34:40
MERGED from [com.google.android.gms:play-services-maps:17.0.0] AndroidManifest.xml:33:9-35:40
MERGED from [com.google.android.gms:play-services-maps:17.0.0] AndroidManifest.xml:33:9-35:40
	android:required
		ADDED from src/main/AndroidManifest.xml:34:13-37
	android:name
		ADDED from src/main/AndroidManifest.xml:33:13-50
activity#com.swc.onestop.Activities.SplashScreen
ADDED from src/main/AndroidManifest.xml:36:9-44:20
	android:theme
		ADDED from src/main/AndroidManifest.xml:38:13-69
	android:name
		ADDED from src/main/AndroidManifest.xml:37:13-52
intent-filter#action:name:android.intent.action.MAIN+category:name:android.intent.category.LAUNCHER
ADDED from src/main/AndroidManifest.xml:39:13-43:29